Unity Editor version:    2020.3.25f1 (9b9180224418)
Branch:                  2020.3/staging
Build type:              Release
Batch mode:              YES
macOS version:           Version 12.6 (Build 21G115)
Darwin version:          21.6.0
Architecture:            x86_64
Running under Rosetta:   NO
Available memory:        8192 MB
Using pre-set license
Pro License: NO

COMMAND LINE ARGUMENTS:
/Applications/Unity/Unity.app/Contents/MacOS/Unity
-adb2
-batchMode
-noUpm
-name
AssetImportWorker0
-projectPath
/Users/seungyong/Documents/hgucsee/unity_project/Scriptable-object
-logFile
Logs/AssetImportWorker0.log
-srvPort
58944
Successfully changed project path to: /Users/seungyong/Documents/hgucsee/unity_project/Scriptable-object
/Users/seungyong/Documents/hgucsee/unity_project/Scriptable-object
Using Asset Import Pipeline V2.
Refreshing native plugins compatible for Editor in 59.84 ms, found 2 plugins.
Preloading 0 native plugins for Editor in 0.00 ms.
Initialize engine version: 2020.3.25f1 (9b9180224418)
[Subsystems] Discovering subsystems at path /Applications/Unity/Unity.app/Contents/Resources/UnitySubsystems
[Subsystems] Discovering subsystems at path /Users/seungyong/Documents/hgucsee/unity_project/Scriptable-object/Assets
GfxDevice: creating device client; threaded=0
2022-10-30 18:07:22.034 Unity[25032:29717901] Color LCD preferred device: Intel(R) Iris(TM) Plus Graphics 640 (low power)
2022-10-30 18:07:22.034 Unity[25032:29717901] Metal devices available: 1
2022-10-30 18:07:22.034 Unity[25032:29717901] 0: Intel(R) Iris(TM) Plus Graphics 640 (low power)
2022-10-30 18:07:22.035 Unity[25032:29717901] Using device Intel(R) Iris(TM) Plus Graphics 640 (low power)
Initializing Metal device caps: Intel(R) Iris(TM) Plus Graphics 640
Initialize mono
Mono path[0] = '/Applications/Unity/Unity.app/Contents/Managed'
Mono path[1] = '/Applications/Unity/Unity.app/Contents/MonoBleedingEdge/lib/mono/unityjit'
Mono config path = '/Applications/Unity/Unity.app/Contents/MonoBleedingEdge/etc'
Using monoOptions --debugger-agent=transport=dt_socket,embedding=1,server=y,suspend=n,address=127.0.0.1:56032
Begin MonoManager ReloadAssembly
Registering precompiled unity dll's ...
Register platform support module: /Applications/Unity/Unity.app/Contents/PlaybackEngines/MacStandaloneSupport/UnityEditor.OSXStandalone.Extensions.dll
Registered in 0.003199 seconds.
Native extension for OSXStandalone target not found
Refreshing native plugins compatible for Editor in 38.80 ms, found 2 plugins.
Preloading 0 native plugins for Editor in 0.00 ms.
Mono: successfully reloaded assembly
- Completed reload, in  0.817 seconds
Domain Reload Profiling:
	ReloadAssembly (818ms)
		BeginReloadAssembly (59ms)
			ExecutionOrderSort (0ms)
			DisableScriptedObjects (0ms)
			BackupInstance (0ms)
			ReleaseScriptingObjects (0ms)
			CreateAndSetChildDomain (1ms)
		EndReloadAssembly (653ms)
			LoadAssemblies (60ms)
			RebuildTransferFunctionScriptingTraits (0ms)
			SetupTypeCache (246ms)
			ReleaseScriptCaches (0ms)
			RebuildScriptCaches (50ms)
			SetupLoadedEditorAssemblies (248ms)
				LogAssemblyErrors (0ms)
				InitializePlatformSupportModulesInManaged (5ms)
				SetLoadedEditorAssemblies (0ms)
				RefreshPlugins (39ms)
				BeforeProcessingInitializeOnLoad (10ms)
				ProcessInitializeOnLoadAttributes (151ms)
				ProcessInitializeOnLoadMethodAttributes (43ms)
				AfterProcessingInitializeOnLoad (0ms)
				EditorAssembliesLoaded (0ms)
			ExecutionOrderSort2 (0ms)
			AwakeInstancesAfterBackupRestoration (0ms)
Platform modules already initialized, skipping
Registering precompiled user dll's ...
Registered in 0.003669 seconds.
Begin MonoManager ReloadAssembly
Native extension for OSXStandalone target not found
Refreshing native plugins compatible for Editor in 0.72 ms, found 2 plugins.
Preloading 0 native plugins for Editor in 0.00 ms.
Mono: successfully reloaded assembly
- Completed reload, in  2.211 seconds
Domain Reload Profiling:
	ReloadAssembly (2212ms)
		BeginReloadAssembly (187ms)
			ExecutionOrderSort (0ms)
			DisableScriptedObjects (6ms)
			BackupInstance (0ms)
			ReleaseScriptingObjects (0ms)
			CreateAndSetChildDomain (34ms)
		EndReloadAssembly (1948ms)
			LoadAssemblies (106ms)
			RebuildTransferFunctionScriptingTraits (0ms)
			SetupTypeCache (985ms)
			ReleaseScriptCaches (1ms)
			RebuildScriptCaches (102ms)
			SetupLoadedEditorAssemblies (517ms)
				LogAssemblyErrors (0ms)
				InitializePlatformSupportModulesInManaged (11ms)
				SetLoadedEditorAssemblies (1ms)
				RefreshPlugins (1ms)
				BeforeProcessingInitializeOnLoad (96ms)
				ProcessInitializeOnLoadAttributes (397ms)
				ProcessInitializeOnLoadMethodAttributes (11ms)
				AfterProcessingInitializeOnLoad (1ms)
				EditorAssembliesLoaded (1ms)
			ExecutionOrderSort2 (0ms)
			AwakeInstancesAfterBackupRestoration (10ms)
Platform modules already initialized, skipping
Validating Project structure ... 0.000129 seconds.
Shader import version has changed; will reimport all shaders...
Upgrading shader files ...0.000172 seconds.
Application.AssetDatabase Initial Script Refresh Start
RefreshInfo: InitialScriptRefreshV2(NoUpdateAssetOptions) scanfilter:  ... 1 filters
RefreshProfiler: Total: 0.000ms
Application.AssetDatabase Initial Script Refresh End
Application.AssetDatabase.Refresh Start
Application.AssetDatabase.Refresh End
RefreshInfo: StopAssetImportingV2(ForceSynchronousImport) scanfilter: 
RefreshProfiler: Total: 0.000ms
Launching external process: /Applications/Unity/Unity.app/Contents/Tools/UnityShaderCompiler
Launched and connected shader compiler UnityShaderCompiler after 0.02 seconds
Initializing Unity extensions:
2022-10-30 18:07:27.491 Unity[25032:29717901] NSEventModifierFlagFunction specified to -setKeyEquivalentModifierMask: for item <NSMenuItem: 0x600000df4e00 Font Asset, ke='Command-F12'>, but is only supported for system-provided menu items; will not be used
2022-10-30 18:07:27.495 Unity[25032:29717901] NSEventModifierFlagFunction specified to -setKeyEquivalentModifierMask: for item <NSMenuItem: 0x600000dd2680 Font Asset, ke='Command-F12'>, but is only supported for system-provided menu items; will not be used
========================================================================
Worker process is ready to serve import requests
Refreshing native plugins compatible for Editor in 0.37 ms, found 2 plugins.
Preloading 0 native plugins for Editor in 0.00 ms.
Unloading 1502 Unused Serialized files (Serialized files now loaded: 0)
System memory in use before: 157.0 MB.
System memory in use after: 156.2 MB.

Unloading 81 unused Assets to reduce memory usage. Loaded Objects now: 1973.
Total: 4.729537 ms (FindLiveObjects: 0.237813 ms CreateObjectMapping: 0.106420 ms MarkObjects: 3.702124 ms  DeleteObjects: 0.682069 ms)

AssetImportParameters requested are different than current active one (requested -> active):
  custom:video-decoder-ogg-theora: a1e56fd34408186e4bbccfd4996cb3dc -> 
  custom:container-muxer-webm: aa71ff27fc2769a1b78a27578f13a17b -> 
  custom:container-demuxer-webm: 4f35f7cbe854078d1ac9338744f61a02 -> 
  custom:container-demuxer-ogg: 62fdf1f143b41e24485cea50d1cbac27 -> 
  custom:video-encoder-webm-vp8: eb34c28f22e8b96e1ab97ce403110664 -> 
  custom:framework-osx-AVFoundation: e770b220cccbd017edd2c1fefb359320 -> 
  custom:video-decoder-webm-vp8: 9c59270c3fd7afecdb556c50c9e8de78 -> 
  custom:audio-decoder-ogg-vorbis: bf7c407c2cedff20999df2af8eb42d56 -> 
  custom:audio-encoder-webm-vorbis: bf7c407c2cedff20999df2af8eb42d56 -> 
========================================================================
Received Import Request.
  path: Assets/ZombieData.cs
  artifactKey: Guid(6b31975f5070a4b01831a4eafa1dee7d) Importer(815301076,1909f56bfc062723c751e8b465ee728b)
Start importing Assets/ZombieData.cs using Guid(6b31975f5070a4b01831a4eafa1dee7d) Importer(815301076,1909f56bfc062723c751e8b465ee728b)  -> (artifact id: '8f88f9f9226f4a011994a735c71fcdcc') in 0.763548 seconds 
  Import took 0.777546 seconds .

========================================================================
Received Prepare
Registering precompiled user dll's ...
Registered in 0.004410 seconds.
Begin MonoManager ReloadAssembly
Native extension for OSXStandalone target not found
Refreshing native plugins compatible for Editor in 0.37 ms, found 2 plugins.
Preloading 0 native plugins for Editor in 0.00 ms.
2022-10-30 19:44:29.514 Unity[25032:29717901] NSEventModifierFlagFunction specified to -setKeyEquivalentModifierMask: for item <NSMenuItem: 0x600000dcf330 Font Asset, ke='Command-F12'>, but is only supported for system-provided menu items; will not be used
Mono: successfully reloaded assembly
- Completed reload, in  1.588 seconds
Domain Reload Profiling:
	ReloadAssembly (1591ms)
		BeginReloadAssembly (277ms)
			ExecutionOrderSort (0ms)
			DisableScriptedObjects (14ms)
			BackupInstance (0ms)
			ReleaseScriptingObjects (0ms)
			CreateAndSetChildDomain (125ms)
		EndReloadAssembly (1151ms)
			LoadAssemblies (153ms)
			RebuildTransferFunctionScriptingTraits (0ms)
			SetupTypeCache (386ms)
			ReleaseScriptCaches (1ms)
			RebuildScriptCaches (64ms)
			SetupLoadedEditorAssemblies (365ms)
				LogAssemblyErrors (0ms)
				InitializePlatformSupportModulesInManaged (6ms)
				SetLoadedEditorAssemblies (1ms)
				RefreshPlugins (0ms)
				BeforeProcessingInitializeOnLoad (104ms)
				ProcessInitializeOnLoadAttributes (243ms)
				ProcessInitializeOnLoadMethodAttributes (10ms)
				AfterProcessingInitializeOnLoad (1ms)
				EditorAssembliesLoaded (0ms)
			ExecutionOrderSort2 (0ms)
			AwakeInstancesAfterBackupRestoration (28ms)
Platform modules already initialized, skipping
Refreshing native plugins compatible for Editor in 0.45 ms, found 2 plugins.
Preloading 0 native plugins for Editor in 0.00 ms.
Unloading 1495 Unused Serialized files (Serialized files now loaded: 0)
System memory in use before: 159.8 MB.
System memory in use after: 159.9 MB.

Unloading 15 unused Assets to reduce memory usage. Loaded Objects now: 1976.
Total: 10.043777 ms (FindLiveObjects: 0.186723 ms CreateObjectMapping: 0.056029 ms MarkObjects: 9.750352 ms  DeleteObjects: 0.048913 ms)

AssetImportParameters requested are different than current active one (requested -> active):
  custom:video-decoder-ogg-theora: a1e56fd34408186e4bbccfd4996cb3dc -> 
  custom:container-muxer-webm: aa71ff27fc2769a1b78a27578f13a17b -> 
  custom:container-demuxer-webm: 4f35f7cbe854078d1ac9338744f61a02 -> 
  custom:container-demuxer-ogg: 62fdf1f143b41e24485cea50d1cbac27 -> 
  custom:video-encoder-webm-vp8: eb34c28f22e8b96e1ab97ce403110664 -> 
  custom:framework-osx-AVFoundation: e770b220cccbd017edd2c1fefb359320 -> 
  custom:video-decoder-webm-vp8: 9c59270c3fd7afecdb556c50c9e8de78 -> 
  custom:audio-decoder-ogg-vorbis: bf7c407c2cedff20999df2af8eb42d56 -> 
  custom:audio-encoder-webm-vorbis: bf7c407c2cedff20999df2af8eb42d56 -> 
========================================================================
Received Import Request.
  Time since last request: 5842.777561 seconds.
  path: Assets/ZombieData.cs
  artifactKey: Guid(6b31975f5070a4b01831a4eafa1dee7d) Importer(815301076,1909f56bfc062723c751e8b465ee728b)
Start importing Assets/ZombieData.cs using Guid(6b31975f5070a4b01831a4eafa1dee7d) Importer(815301076,1909f56bfc062723c751e8b465ee728b)  -> (artifact id: '23af6f91c1cff7e2eb80a23e1b6fcc5a') in 0.076284 seconds 
  Import took 0.080259 seconds .

========================================================================
Received Prepare
Registering precompiled user dll's ...
Registered in 0.002879 seconds.
Begin MonoManager ReloadAssembly
Native extension for OSXStandalone target not found
Refreshing native plugins compatible for Editor in 0.38 ms, found 2 plugins.
Preloading 0 native plugins for Editor in 0.00 ms.
2022-10-30 19:46:33.542 Unity[25032:29717901] NSEventModifierFlagFunction specified to -setKeyEquivalentModifierMask: for item <NSMenuItem: 0x600000dd8000 Font Asset, ke='Command-F12'>, but is only supported for system-provided menu items; will not be used
Mono: successfully reloaded assembly
- Completed reload, in  1.192 seconds
Domain Reload Profiling:
	ReloadAssembly (1193ms)
		BeginReloadAssembly (140ms)
			ExecutionOrderSort (0ms)
			DisableScriptedObjects (8ms)
			BackupInstance (0ms)
			ReleaseScriptingObjects (0ms)
			CreateAndSetChildDomain (63ms)
		EndReloadAssembly (952ms)
			LoadAssemblies (86ms)
			RebuildTransferFunctionScriptingTraits (0ms)
			SetupTypeCache (361ms)
			ReleaseScriptCaches (1ms)
			RebuildScriptCaches (50ms)
			SetupLoadedEditorAssemblies (334ms)
				LogAssemblyErrors (0ms)
				InitializePlatformSupportModulesInManaged (4ms)
				SetLoadedEditorAssemblies (1ms)
				RefreshPlugins (0ms)
				BeforeProcessingInitializeOnLoad (99ms)
				ProcessInitializeOnLoadAttributes (219ms)
				ProcessInitializeOnLoadMethodAttributes (9ms)
				AfterProcessingInitializeOnLoad (1ms)
				EditorAssembliesLoaded (0ms)
			ExecutionOrderSort2 (0ms)
			AwakeInstancesAfterBackupRestoration (7ms)
Platform modules already initialized, skipping
Refreshing native plugins compatible for Editor in 0.39 ms, found 2 plugins.
Preloading 0 native plugins for Editor in 0.00 ms.
Unloading 1495 Unused Serialized files (Serialized files now loaded: 0)
System memory in use before: 160.0 MB.
System memory in use after: 160.1 MB.

Unloading 14 unused Assets to reduce memory usage. Loaded Objects now: 1978.
Total: 3.320058 ms (FindLiveObjects: 0.132786 ms CreateObjectMapping: 0.049554 ms MarkObjects: 3.114135 ms  DeleteObjects: 0.022515 ms)

AssetImportParameters requested are different than current active one (requested -> active):
  custom:video-decoder-ogg-theora: a1e56fd34408186e4bbccfd4996cb3dc -> 
  custom:container-muxer-webm: aa71ff27fc2769a1b78a27578f13a17b -> 
  custom:container-demuxer-webm: 4f35f7cbe854078d1ac9338744f61a02 -> 
  custom:container-demuxer-ogg: 62fdf1f143b41e24485cea50d1cbac27 -> 
  custom:video-encoder-webm-vp8: eb34c28f22e8b96e1ab97ce403110664 -> 
  custom:framework-osx-AVFoundation: e770b220cccbd017edd2c1fefb359320 -> 
  custom:video-decoder-webm-vp8: 9c59270c3fd7afecdb556c50c9e8de78 -> 
  custom:audio-decoder-ogg-vorbis: bf7c407c2cedff20999df2af8eb42d56 -> 
  custom:audio-encoder-webm-vorbis: bf7c407c2cedff20999df2af8eb42d56 -> 
========================================================================
Received Import Request.
  Time since last request: 160.974491 seconds.
  path: Assets/ZombieData.cs
  artifactKey: Guid(6b31975f5070a4b01831a4eafa1dee7d) Importer(815301076,1909f56bfc062723c751e8b465ee728b)
Start importing Assets/ZombieData.cs using Guid(6b31975f5070a4b01831a4eafa1dee7d) Importer(815301076,1909f56bfc062723c751e8b465ee728b)  -> (artifact id: '8ce8e989965f6436c6943e798d5c193a') in 0.006676 seconds 
  Import took 0.039044 seconds .

========================================================================
Received Prepare
Registering precompiled user dll's ...
Registered in 0.007063 seconds.
Begin MonoManager ReloadAssembly
Native extension for OSXStandalone target not found
Refreshing native plugins compatible for Editor in 0.38 ms, found 2 plugins.
Preloading 0 native plugins for Editor in 0.00 ms.
2022-10-30 19:49:23.843 Unity[25032:29717901] NSEventModifierFlagFunction specified to -setKeyEquivalentModifierMask: for item <NSMenuItem: 0x600000dd5570 Font Asset, ke='Command-F12'>, but is only supported for system-provided menu items; will not be used
Mono: successfully reloaded assembly
- Completed reload, in  1.606 seconds
Domain Reload Profiling:
	ReloadAssembly (1608ms)
		BeginReloadAssembly (224ms)
			ExecutionOrderSort (0ms)
			DisableScriptedObjects (13ms)
			BackupInstance (0ms)
			ReleaseScriptingObjects (0ms)
			CreateAndSetChildDomain (121ms)
		EndReloadAssembly (1239ms)
			LoadAssemblies (184ms)
			RebuildTransferFunctionScriptingTraits (0ms)
			SetupTypeCache (446ms)
			ReleaseScriptCaches (1ms)
			RebuildScriptCaches (59ms)
			SetupLoadedEditorAssemblies (393ms)
				LogAssemblyErrors (0ms)
				InitializePlatformSupportModulesInManaged (6ms)
				SetLoadedEditorAssemblies (1ms)
				RefreshPlugins (0ms)
				BeforeProcessingInitializeOnLoad (112ms)
				ProcessInitializeOnLoadAttributes (257ms)
				ProcessInitializeOnLoadMethodAttributes (14ms)
				AfterProcessingInitializeOnLoad (1ms)
				EditorAssembliesLoaded (0ms)
			ExecutionOrderSort2 (0ms)
			AwakeInstancesAfterBackupRestoration (10ms)
Platform modules already initialized, skipping
Refreshing native plugins compatible for Editor in 0.40 ms, found 2 plugins.
Preloading 0 native plugins for Editor in 0.00 ms.
Unloading 1495 Unused Serialized files (Serialized files now loaded: 0)
System memory in use before: 160.2 MB.
System memory in use after: 160.3 MB.

Unloading 14 unused Assets to reduce memory usage. Loaded Objects now: 1980.
Total: 3.028239 ms (FindLiveObjects: 0.195385 ms CreateObjectMapping: 0.063430 ms MarkObjects: 2.729162 ms  DeleteObjects: 0.039253 ms)

AssetImportParameters requested are different than current active one (requested -> active):
  custom:video-decoder-ogg-theora: a1e56fd34408186e4bbccfd4996cb3dc -> 
  custom:container-muxer-webm: aa71ff27fc2769a1b78a27578f13a17b -> 
  custom:container-demuxer-webm: 4f35f7cbe854078d1ac9338744f61a02 -> 
  custom:container-demuxer-ogg: 62fdf1f143b41e24485cea50d1cbac27 -> 
  custom:video-encoder-webm-vp8: eb34c28f22e8b96e1ab97ce403110664 -> 
  custom:framework-osx-AVFoundation: e770b220cccbd017edd2c1fefb359320 -> 
  custom:video-decoder-webm-vp8: 9c59270c3fd7afecdb556c50c9e8de78 -> 
  custom:audio-decoder-ogg-vorbis: bf7c407c2cedff20999df2af8eb42d56 -> 
  custom:audio-encoder-webm-vorbis: bf7c407c2cedff20999df2af8eb42d56 -> 
========================================================================
Received Import Request.
  Time since last request: 115.875759 seconds.
  path: Assets/Zombie Data.asset
  artifactKey: Guid(67c65a3e86dbc4efdb03624778e7c1a8) Importer(815301076,1909f56bfc062723c751e8b465ee728b)
Start importing Assets/Zombie Data.asset using Guid(67c65a3e86dbc4efdb03624778e7c1a8) Importer(815301076,1909f56bfc062723c751e8b465ee728b)  -> (artifact id: '6ffaef229f65abfced399c5a739552bc') in 1.402347 seconds 
  Import took 1.410278 seconds .

========================================================================
Received Import Request.
  Time since last request: 68.842654 seconds.
  path: Assets/Zombie Data 1.asset
  artifactKey: Guid(a8314e4874d3843eb8fd1869c02b4472) Importer(815301076,1909f56bfc062723c751e8b465ee728b)
Start importing Assets/Zombie Data 1.asset using Guid(a8314e4874d3843eb8fd1869c02b4472) Importer(815301076,1909f56bfc062723c751e8b465ee728b)  -> (artifact id: '3bc5e075ad08e37f43a77a765638ccb4') in 0.014903 seconds 
  Import took 0.018736 seconds .

========================================================================
Received Import Request.
  Time since last request: 0.135371 seconds.
  path: Assets/Zombie Data 2.asset
  artifactKey: Guid(99635528b678a4e6a98a0cad153babff) Importer(815301076,1909f56bfc062723c751e8b465ee728b)
Start importing Assets/Zombie Data 2.asset using Guid(99635528b678a4e6a98a0cad153babff) Importer(815301076,1909f56bfc062723c751e8b465ee728b)  -> (artifact id: 'f1388a5552d48670450e6d10fe241e6d') in 0.009350 seconds 
  Import took 0.018553 seconds .

========================================================================
Received Import Request.
  Time since last request: 0.170130 seconds.
  path: Assets/Zombie Data 3.asset
  artifactKey: Guid(0bcecab9021eb428fb64e8f27dc6996b) Importer(815301076,1909f56bfc062723c751e8b465ee728b)
Start importing Assets/Zombie Data 3.asset using Guid(0bcecab9021eb428fb64e8f27dc6996b) Importer(815301076,1909f56bfc062723c751e8b465ee728b)  -> (artifact id: '36a79dd9aa957e8df610e4d85f648c48') in 0.004322 seconds 
  Import took 0.008402 seconds .

========================================================================
Received Import Request.
  Time since last request: 0.157368 seconds.
  path: Assets/Zombie Data 4.asset
  artifactKey: Guid(16e0e84e8b9f04702b4a45598acc8a64) Importer(815301076,1909f56bfc062723c751e8b465ee728b)
Start importing Assets/Zombie Data 4.asset using Guid(16e0e84e8b9f04702b4a45598acc8a64) Importer(815301076,1909f56bfc062723c751e8b465ee728b)  -> (artifact id: '1919e64d0cb1e300be76cd78cd6c7612') in 0.007015 seconds 
  Import took 0.016635 seconds .

========================================================================
Received Import Request.
  Time since last request: 20.656709 seconds.
  path: Assets/Normal Zombie.asset
  artifactKey: Guid(a8314e4874d3843eb8fd1869c02b4472) Importer(815301076,1909f56bfc062723c751e8b465ee728b)
Start importing Assets/Normal Zombie.asset using Guid(a8314e4874d3843eb8fd1869c02b4472) Importer(815301076,1909f56bfc062723c751e8b465ee728b)  -> (artifact id: 'd14b22e71ca3c4c02955cd5117cf4b4f') in 0.003718 seconds 
  Import took 0.007265 seconds .

========================================================================
Received Import Request.
  Time since last request: 9.479722 seconds.
  path: Assets/Power Zombie.asset
  artifactKey: Guid(99635528b678a4e6a98a0cad153babff) Importer(815301076,1909f56bfc062723c751e8b465ee728b)
Start importing Assets/Power Zombie.asset using Guid(99635528b678a4e6a98a0cad153babff) Importer(815301076,1909f56bfc062723c751e8b465ee728b)  -> (artifact id: 'e20eca1ab9c33995b075613e779e8a66') in 0.003749 seconds 
  Import took 0.007806 seconds .

========================================================================
Received Import Request.
  Time since last request: 9.636270 seconds.
  path: Assets/Sensor Zombie.asset
  artifactKey: Guid(0bcecab9021eb428fb64e8f27dc6996b) Importer(815301076,1909f56bfc062723c751e8b465ee728b)
Start importing Assets/Sensor Zombie.asset using Guid(0bcecab9021eb428fb64e8f27dc6996b) Importer(815301076,1909f56bfc062723c751e8b465ee728b)  -> (artifact id: 'd9c1f148d019813ff39bb6816899f4de') in 0.004184 seconds 
  Import took 0.009355 seconds .

========================================================================
Received Import Request.
  Time since last request: 7.956069 seconds.
  path: Assets/Speed Zombie.asset
  artifactKey: Guid(16e0e84e8b9f04702b4a45598acc8a64) Importer(815301076,1909f56bfc062723c751e8b465ee728b)
Start importing Assets/Speed Zombie.asset using Guid(16e0e84e8b9f04702b4a45598acc8a64) Importer(815301076,1909f56bfc062723c751e8b465ee728b)  -> (artifact id: 'd7bd3a72cb036a0ce6f8b85ddefda105') in 0.003882 seconds 
  Import took 0.007254 seconds .

========================================================================
Received Import Request.
  Time since last request: 9.792707 seconds.
  path: Assets/Tanker Zombie.asset
  artifactKey: Guid(67c65a3e86dbc4efdb03624778e7c1a8) Importer(815301076,1909f56bfc062723c751e8b465ee728b)
Start importing Assets/Tanker Zombie.asset using Guid(67c65a3e86dbc4efdb03624778e7c1a8) Importer(815301076,1909f56bfc062723c751e8b465ee728b)  -> (artifact id: '00a3ddfd0afe244d4c3209131e46c57c') in 0.003692 seconds 
  Import took 0.007378 seconds .

========================================================================
Received Import Request.
  Time since last request: 13.446552 seconds.
  path: Assets/Zombie.cs
  artifactKey: Guid(572a68a2212ab44ffb305614b674d446) Importer(815301076,1909f56bfc062723c751e8b465ee728b)
Start importing Assets/Zombie.cs using Guid(572a68a2212ab44ffb305614b674d446) Importer(815301076,1909f56bfc062723c751e8b465ee728b)  -> (artifact id: '4a997d1df7ebb6aca12e8c1e1ad5f673') in 0.011964 seconds 
  Import took 0.015360 seconds .

========================================================================
Received Prepare
Registering precompiled user dll's ...
Registered in 0.003419 seconds.
Begin MonoManager ReloadAssembly
Native extension for OSXStandalone target not found
Refreshing native plugins compatible for Editor in 0.39 ms, found 2 plugins.
Preloading 0 native plugins for Editor in 0.00 ms.
2022-10-30 19:51:58.880 Unity[25032:29717901] NSEventModifierFlagFunction specified to -setKeyEquivalentModifierMask: for item <NSMenuItem: 0x600000dffdb0 Font Asset, ke='Command-F12'>, but is only supported for system-provided menu items; will not be used
Mono: successfully reloaded assembly
- Completed reload, in  3.274 seconds
Domain Reload Profiling:
	ReloadAssembly (3274ms)
		BeginReloadAssembly (142ms)
			ExecutionOrderSort (0ms)
			DisableScriptedObjects (7ms)
			BackupInstance (0ms)
			ReleaseScriptingObjects (0ms)
			CreateAndSetChildDomain (63ms)
		EndReloadAssembly (3035ms)
			LoadAssemblies (196ms)
			RebuildTransferFunctionScriptingTraits (0ms)
			SetupTypeCache (2112ms)
			ReleaseScriptCaches (1ms)
			RebuildScriptCaches (57ms)
			SetupLoadedEditorAssemblies (490ms)
				LogAssemblyErrors (0ms)
				InitializePlatformSupportModulesInManaged (12ms)
				SetLoadedEditorAssemblies (1ms)
				RefreshPlugins (0ms)
				BeforeProcessingInitializeOnLoad (213ms)
				ProcessInitializeOnLoadAttributes (252ms)
				ProcessInitializeOnLoadMethodAttributes (10ms)
				AfterProcessingInitializeOnLoad (1ms)
				EditorAssembliesLoaded (0ms)
			ExecutionOrderSort2 (0ms)
			AwakeInstancesAfterBackupRestoration (8ms)
Platform modules already initialized, skipping
Refreshing native plugins compatible for Editor in 0.59 ms, found 2 plugins.
Preloading 0 native plugins for Editor in 0.00 ms.
Unloading 1496 Unused Serialized files (Serialized files now loaded: 0)
System memory in use before: 164.6 MB.
System memory in use after: 164.7 MB.

Unloading 14 unused Assets to reduce memory usage. Loaded Objects now: 1983.
Total: 6.191090 ms (FindLiveObjects: 0.266307 ms CreateObjectMapping: 0.083728 ms MarkObjects: 5.786740 ms  DeleteObjects: 0.052568 ms)

AssetImportParameters requested are different than current active one (requested -> active):
  custom:video-decoder-ogg-theora: a1e56fd34408186e4bbccfd4996cb3dc -> 
  custom:container-muxer-webm: aa71ff27fc2769a1b78a27578f13a17b -> 
  custom:container-demuxer-webm: 4f35f7cbe854078d1ac9338744f61a02 -> 
  custom:container-demuxer-ogg: 62fdf1f143b41e24485cea50d1cbac27 -> 
  custom:video-encoder-webm-vp8: eb34c28f22e8b96e1ab97ce403110664 -> 
  custom:framework-osx-AVFoundation: e770b220cccbd017edd2c1fefb359320 -> 
  custom:video-decoder-webm-vp8: 9c59270c3fd7afecdb556c50c9e8de78 -> 
  custom:audio-decoder-ogg-vorbis: bf7c407c2cedff20999df2af8eb42d56 -> 
  custom:audio-encoder-webm-vorbis: bf7c407c2cedff20999df2af8eb42d56 -> 
========================================================================
Received Import Request.
  Time since last request: 169.414353 seconds.
  path: Assets/Zombie.cs
  artifactKey: Guid(572a68a2212ab44ffb305614b674d446) Importer(815301076,1909f56bfc062723c751e8b465ee728b)
Start importing Assets/Zombie.cs using Guid(572a68a2212ab44ffb305614b674d446) Importer(815301076,1909f56bfc062723c751e8b465ee728b)  -> (artifact id: 'db433601c90f9acfb03965d27bbb48cb') in 0.034763 seconds 
  Import took 0.042599 seconds .

========================================================================
Received Import Request.
  Time since last request: 973.319391 seconds.
  path: Assets
  artifactKey: Guid(00000000000000001000000000000000) Importer(815301076,1909f56bfc062723c751e8b465ee728b)
Start importing Assets using Guid(00000000000000001000000000000000) Importer(815301076,1909f56bfc062723c751e8b465ee728b)  -> (artifact id: '42d402b061de3733987d63b9cc3b64de') in 0.021870 seconds 
  Import took 0.125766 seconds .

========================================================================
Received Import Request.
  Time since last request: 54.295830 seconds.
  path: Assets/ZombieData.cs
  artifactKey: Guid(6b31975f5070a4b01831a4eafa1dee7d) Importer(815301076,1909f56bfc062723c751e8b465ee728b)
Start importing Assets/ZombieData.cs using Guid(6b31975f5070a4b01831a4eafa1dee7d) Importer(815301076,1909f56bfc062723c751e8b465ee728b)  -> (artifact id: 'ed9e27d5010a843c7815462ad9d39bea') in 0.010674 seconds 
  Import took 0.023442 seconds .

========================================================================
Received Import Request.
  Time since last request: 150.227891 seconds.
  path: Assets/Zombie Prefab.prefab
  artifactKey: Guid(43ff962b8c22c43109bdbee8c4c3d517) Importer(815301076,1909f56bfc062723c751e8b465ee728b)
Start importing Assets/Zombie Prefab.prefab using Guid(43ff962b8c22c43109bdbee8c4c3d517) Importer(815301076,1909f56bfc062723c751e8b465ee728b)  -> (artifact id: '2f13d2421883bbd51334a84b98dc20b6') in 1.147749 seconds 
  Import took 1.167702 seconds .

========================================================================
Received Import Request.
  Time since last request: 127.682343 seconds.
  path: Assets/ZombieSpawner.cs
  artifactKey: Guid(a9e9939411e8b4d94bf69e8d079de6b2) Importer(815301076,1909f56bfc062723c751e8b465ee728b)
Start importing Assets/ZombieSpawner.cs using Guid(a9e9939411e8b4d94bf69e8d079de6b2) Importer(815301076,1909f56bfc062723c751e8b465ee728b)  -> (artifact id: 'e026c77df06e09134e0a75a030b6a5dd') in 0.011648 seconds 
  Import took 0.016120 seconds .

========================================================================
Received Import Request.
  Time since last request: 971.507237 seconds.
  path: Assets/Scenes/SA.unity
  artifactKey: Guid(bbac221d1da8d4ef2b8734a468311c0d) Importer(815301076,1909f56bfc062723c751e8b465ee728b)
Start importing Assets/Scenes/SA.unity using Guid(bbac221d1da8d4ef2b8734a468311c0d) Importer(815301076,1909f56bfc062723c751e8b465ee728b)  -> (artifact id: '06b583d197a4da4ff65f6162d5719866') in 0.029468 seconds 
  Import took 0.068584 seconds .

========================================================================
Received Import Request.
  Time since last request: 38.918868 seconds.
  path: Assets/Scenes/Enemy.cs
  artifactKey: Guid(5ce78bea9edd84624903a49c0e59d519) Importer(815301076,1909f56bfc062723c751e8b465ee728b)
Start importing Assets/Scenes/Enemy.cs using Guid(5ce78bea9edd84624903a49c0e59d519) Importer(815301076,1909f56bfc062723c751e8b465ee728b)  -> (artifact id: 'b824cbdc8fd399eb4e08408416c772e7') in 0.024808 seconds 
  Import took 0.051604 seconds .

========================================================================
Received Import Request.
  Time since last request: 4.273324 seconds.
  path: Assets/Scenes/Enemy.prefab
  artifactKey: Guid(687386fe5ce3440af996d6b293aaa4b7) Importer(815301076,1909f56bfc062723c751e8b465ee728b)
Start importing Assets/Scenes/Enemy.prefab using Guid(687386fe5ce3440af996d6b293aaa4b7) Importer(815301076,1909f56bfc062723c751e8b465ee728b)  -> (artifact id: '0a8cb9da54997d36e6f89b1f122b7bbf') in 0.039777 seconds 
  Import took 0.049247 seconds .

========================================================================
Received Import Request.
  Time since last request: 142.914417 seconds.
  path: Assets/EnemyScript.cs
  artifactKey: Guid(48acd3ba48f324b28a677338c906c24e) Importer(815301076,1909f56bfc062723c751e8b465ee728b)
Start importing Assets/EnemyScript.cs using Guid(48acd3ba48f324b28a677338c906c24e) Importer(815301076,1909f56bfc062723c751e8b465ee728b)  -> (artifact id: '858e2bed2d93634e0d9688837a7088a9') in 0.034014 seconds 
  Import took 0.076025 seconds .

